# JRE version: Java(TM) SE Runtime Environment (7.0_80-b15) (build 1.7.0_80-b15)
# Java VM: Java HotSpot(TM) 64-Bit Server VM (24.80-b11 mixed mode linux-amd64 compressed oops)
Heap
 PSYoungGen      total 1659904K, used 71072K [0x00007f86c9e80000, 0x00007f8734a80000, 0x00007f8964980000)
  eden space 1581056K, 0% used [0x00007f86c9e80000,0x00007f86c9e80000,0x00007f872a680000)
  from space 78848K, 90% used [0x00007f872a680000,0x00007f872ebe8020,0x00007f872f380000)
  to   space 71168K, 0% used [0x00007f872f380000,0x00007f872f380000,0x00007f8733900000)
 ParOldGen       total 748032K, used 643910K [0x00007f8194980000, 0x00007f81c2400000, 0x00007f86c9e80000)
  object space 748032K, 86% used [0x00007f8194980000,0x00007f81bbe519e8,0x00007f81c2400000)
 PSPermGen       total 22528K, used 10762K [0x00007f818f780000, 0x00007f8190d80000, 0x00007f8194980000)
  object space 22528K, 47% used [0x00007f818f780000,0x00007f8190202b78,0x00007f8190d80000)
GC Heap History (10 events):
Event: 917.700 GC heap after
Heap after GC invocations=170 (full 4):
 PSYoungGen      total 1395712K, used 47616K [0x00007f86c9e80000, 0x00007f8723d80000, 0x00007f8964980000)
  eden space 1348096K, 0% used [0x00007f86c9e80000,0x00007f86c9e80000,0x00007f871c300000)
  from space 47616K, 100% used [0x00007f871fa00000,0x00007f8722880000,0x00007f8722880000)
  to   space 56320K, 0% used [0x00007f871c300000,0x00007f871c300000,0x00007f871fa00000)
 ParOldGen       total 748032K, used 621694K [0x00007f8194980000, 0x00007f81c2400000, 0x00007f86c9e80000)
  object space 748032K, 83% used [0x00007f8194980000,0x00007f81ba89f9e8,0x00007f81c2400000)
 PSPermGen       total 22528K, used 10760K [0x00007f818f780000, 0x00007f8190d80000, 0x00007f8194980000)
  object space 22528K, 47% used [0x00007f818f780000,0x00007f8190202148,0x00007f8190d80000)
}
Event: 952.590 GC heap before
{Heap before GC invocations=171 (full 4):
 PSYoungGen      total 1395712K, used 1395712K [0x00007f86c9e80000, 0x00007f8723d80000, 0x00007f8964980000)
  eden space 1348096K, 100% used [0x00007f86c9e80000,0x00007f871c300000,0x00007f871c300000)
  from space 47616K, 100% used [0x00007f871fa00000,0x00007f8722880000,0x00007f8722880000)
  to   space 56320K, 0% used [0x00007f871c300000,0x00007f871c300000,0x00007f871fa00000)
 ParOldGen       total 748032K, used 621694K [0x00007f8194980000, 0x00007f81c2400000, 0x00007f86c9e80000)
  object space 748032K, 83% used [0x00007f8194980000,0x00007f81ba89f9e8,0x00007f81c2400000)
 PSPermGen       total 22528K, used 10762K [0x00007f818f780000, 0x00007f8190d80000, 0x00007f8194980000)
  object space 22528K, 47% used [0x00007f818f780000,0x00007f8190202b78,0x00007f8190d80000)
Event: 952.861 GC heap after
Heap after GC invocations=171 (full 4):
 PSYoungGen      total 1404416K, used 41472K [0x00007f86c9e80000, 0x00007f872ab80000, 0x00007f8964980000)
  eden space 1348096K, 0% used [0x00007f86c9e80000,0x00007f86c9e80000,0x00007f871c300000)
  from space 56320K, 73% used [0x00007f871c300000,0x00007f871eb80000,0x00007f871fa00000)
  to   space 59392K, 0% used [0x00007f8727180000,0x00007f8727180000,0x00007f872ab80000)
 ParOldGen       total 748032K, used 643910K [0x00007f8194980000, 0x00007f81c2400000, 0x00007f86c9e80000)
  object space 748032K, 86% used [0x00007f8194980000,0x00007f81bbe519e8,0x00007f81c2400000)
 PSPermGen       total 22528K, used 10762K [0x00007f818f780000, 0x00007f8190d80000, 0x00007f8194980000)
  object space 22528K, 47% used [0x00007f818f780000,0x00007f8190202b78,0x00007f8190d80000)
}
Event: 988.261 GC heap before
{Heap before GC invocations=172 (full 4):
 PSYoungGen      total 1404416K, used 1389568K [0x00007f86c9e80000, 0x00007f872ab80000, 0x00007f8964980000)
  eden space 1348096K, 100% used [0x00007f86c9e80000,0x00007f871c300000,0x00007f871c300000)
  from space 56320K, 73% used [0x00007f871c300000,0x00007f871eb80000,0x00007f871fa00000)
  to   space 59392K, 0% used [0x00007f8727180000,0x00007f8727180000,0x00007f872ab80000)
 ParOldGen       total 748032K, used 643910K [0x00007f8194980000, 0x00007f81c2400000, 0x00007f86c9e80000)
  object space 748032K, 86% used [0x00007f8194980000,0x00007f81bbe519e8,0x00007f81c2400000)
 PSPermGen       total 22528K, used 10762K [0x00007f818f780000, 0x00007f8190d80000, 0x00007f8194980000)
  object space 22528K, 47% used [0x00007f818f780000,0x00007f8190202b78,0x00007f8190d80000)
Event: 988.504 GC heap after
Heap after GC invocations=172 (full 4):
 PSYoungGen      total 1521664K, used 48160K [0x00007f86c9e80000, 0x00007f872b480000, 0x00007f8964980000)
  eden space 1462272K, 0% used [0x00007f86c9e80000,0x00007f86c9e80000,0x00007f8723280000)
  from space 59392K, 81% used [0x00007f8727180000,0x00007f872a088000,0x00007f872ab80000)
  to   space 64512K, 0% used [0x00007f8723280000,0x00007f8723280000,0x00007f8727180000)
 ParOldGen       total 748032K, used 643910K [0x00007f8194980000, 0x00007f81c2400000, 0x00007f86c9e80000)
  object space 748032K, 86% used [0x00007f8194980000,0x00007f81bbe519e8,0x00007f81c2400000)
 PSPermGen       total 22528K, used 10762K [0x00007f818f780000, 0x00007f8190d80000, 0x00007f8194980000)
  object space 22528K, 47% used [0x00007f818f780000,0x00007f8190202b78,0x00007f8190d80000)
}
Event: 1027.074 GC heap before
{Heap before GC invocations=173 (full 4):
 PSYoungGen      total 1521664K, used 1510432K [0x00007f86c9e80000, 0x00007f872b480000, 0x00007f8964980000)
  eden space 1462272K, 100% used [0x00007f86c9e80000,0x00007f8723280000,0x00007f8723280000)
  from space 59392K, 81% used [0x00007f8727180000,0x00007f872a088000,0x00007f872ab80000)
  to   space 64512K, 0% used [0x00007f8723280000,0x00007f8723280000,0x00007f8727180000)
 ParOldGen       total 748032K, used 643910K [0x00007f8194980000, 0x00007f81c2400000, 0x00007f86c9e80000)
  object space 748032K, 86% used [0x00007f8194980000,0x00007f81bbe519e8,0x00007f81c2400000)
 PSPermGen       total 22528K, used 10762K [0x00007f818f780000, 0x00007f8190d80000, 0x00007f8194980000)
  object space 22528K, 47% used [0x00007f818f780000,0x00007f8190202b78,0x00007f8190d80000)
Event: 1027.349 GC heap after
Heap after GC invocations=173 (full 4):
 PSYoungGen      total 1526784K, used 55488K [0x00007f86c9e80000, 0x00007f8733900000, 0x00007f8964980000)
  eden space 1462272K, 0% used [0x00007f86c9e80000,0x00007f86c9e80000,0x00007f8723280000)
  from space 64512K, 86% used [0x00007f8723280000,0x00007f87268b0000,0x00007f8727180000)
  to   space 71168K, 0% used [0x00007f872f380000,0x00007f872f380000,0x00007f8733900000)
 ParOldGen       total 748032K, used 643910K [0x00007f8194980000, 0x00007f81c2400000, 0x00007f86c9e80000)
  object space 748032K, 86% used [0x00007f8194980000,0x00007f81bbe519e8,0x00007f81c2400000)
 PSPermGen       total 22528K, used 10762K [0x00007f818f780000, 0x00007f8190d80000, 0x00007f8194980000)
  object space 22528K, 47% used [0x00007f818f780000,0x00007f8190202b78,0x00007f8190d80000)
}
Event: 1065.544 GC heap before
{Heap before GC invocations=174 (full 4):
 PSYoungGen      total 1526784K, used 1517760K [0x00007f86c9e80000, 0x00007f8733900000, 0x00007f8964980000)
  eden space 1462272K, 100% used [0x00007f86c9e80000,0x00007f8723280000,0x00007f8723280000)
  from space 64512K, 86% used [0x00007f8723280000,0x00007f87268b0000,0x00007f8727180000)
  to   space 71168K, 0% used [0x00007f872f380000,0x00007f872f380000,0x00007f8733900000)
 ParOldGen       total 748032K, used 643910K [0x00007f8194980000, 0x00007f81c2400000, 0x00007f86c9e80000)
  object space 748032K, 86% used [0x00007f8194980000,0x00007f81bbe519e8,0x00007f81c2400000)
 PSPermGen       total 22528K, used 10762K [0x00007f818f780000, 0x00007f8190d80000, 0x00007f8194980000)
  object space 22528K, 47% used [0x00007f818f780000,0x00007f8190202b78,0x00007f8190d80000)
Event: 1065.851 GC heap after
Heap after GC invocations=174 (full 4):
 PSYoungGen      total 1652224K, used 62944K [0x00007f86c9e80000, 0x00007f8734a80000, 0x00007f8964980000)
  eden space 1581056K, 0% used [0x00007f86c9e80000,0x00007f86c9e80000,0x00007f872a680000)
  from space 71168K, 88% used [0x00007f872f380000,0x00007f87330f8020,0x00007f8733900000)
  to   space 78848K, 0% used [0x00007f872a680000,0x00007f872a680000,0x00007f872f380000)
 ParOldGen       total 748032K, used 643910K [0x00007f8194980000, 0x00007f81c2400000, 0x00007f86c9e80000)
  object space 748032K, 86% used [0x00007f8194980000,0x00007f81bbe519e8,0x00007f81c2400000)
 PSPermGen       total 22528K, used 10762K [0x00007f818f780000, 0x00007f8190d80000, 0x00007f8194980000)
  object space 22528K, 47% used [0x00007f818f780000,0x00007f8190202b78,0x00007f8190d80000)
}
Event: 1107.548 GC heap before
{Heap before GC invocations=175 (full 4):
 PSYoungGen      total 1652224K, used 1644000K [0x00007f86c9e80000, 0x00007f8734a80000, 0x00007f8964980000)
  eden space 1581056K, 100% used [0x00007f86c9e80000,0x00007f872a680000,0x00007f872a680000)
  from space 71168K, 88% used [0x00007f872f380000,0x00007f87330f8020,0x00007f8733900000)
  to   space 78848K, 0% used [0x00007f872a680000,0x00007f872a680000,0x00007f872f380000)
 ParOldGen       total 748032K, used 643910K [0x00007f8194980000, 0x00007f81c2400000, 0x00007f86c9e80000)
  object space 748032K, 86% used [0x00007f8194980000,0x00007f81bbe519e8,0x00007f81c2400000)
 PSPermGen       total 22528K, used 10762K [0x00007f818f780000, 0x00007f8190d80000, 0x00007f8194980000)
  object space 22528K, 47% used [0x00007f818f780000,0x00007f8190202b78,0x00007f8190d80000)

